<?xml version="1.0" encoding="UTF-8"?>
<testsuite name="com.bushelpowered.pokedex.PokemonServiceTests" tests="2" skipped="0" failures="0" errors="0" timestamp="2022-07-11T20:24:14" hostname="kchaisawangwong-MBP-15-2018" time="1.118">
  <properties/>
  <testcase name="testGetPokemonById()" classname="com.bushelpowered.pokedex.PokemonServiceTests" time="1.1"/>
  <testcase name="testGetPokemonByName()" classname="com.bushelpowered.pokedex.PokemonServiceTests" time="0.015"/>
  <system-out><![CDATA[15:23:49.483 [Test worker] DEBUG org.springframework.test.context.BootstrapUtils - Instantiating CacheAwareContextLoaderDelegate from class [org.springframework.test.context.cache.DefaultCacheAwareContextLoaderDelegate]
15:23:49.494 [Test worker] DEBUG org.springframework.test.context.BootstrapUtils - Instantiating BootstrapContext using constructor [public org.springframework.test.context.support.DefaultBootstrapContext(java.lang.Class,org.springframework.test.context.CacheAwareContextLoaderDelegate)]
15:23:49.526 [Test worker] DEBUG org.springframework.test.context.BootstrapUtils - Instantiating TestContextBootstrapper for test class [com.bushelpowered.pokedex.PokemonServiceTests] from class [org.springframework.boot.test.context.SpringBootTestContextBootstrapper]
15:23:49.539 [Test worker] INFO org.springframework.boot.test.context.SpringBootTestContextBootstrapper - Neither @ContextConfiguration nor @ContextHierarchy found for test class [com.bushelpowered.pokedex.PokemonServiceTests], using SpringBootContextLoader
15:23:49.543 [Test worker] DEBUG org.springframework.test.context.support.AbstractContextLoader - Did not detect default resource location for test class [com.bushelpowered.pokedex.PokemonServiceTests]: class path resource [com/bushelpowered/pokedex/PokemonServiceTests-context.xml] does not exist
15:23:49.544 [Test worker] DEBUG org.springframework.test.context.support.AbstractContextLoader - Did not detect default resource location for test class [com.bushelpowered.pokedex.PokemonServiceTests]: class path resource [com/bushelpowered/pokedex/PokemonServiceTestsContext.groovy] does not exist
15:23:49.544 [Test worker] INFO org.springframework.test.context.support.AbstractContextLoader - Could not detect default resource locations for test class [com.bushelpowered.pokedex.PokemonServiceTests]: no resource found for suffixes {-context.xml, Context.groovy}.
15:23:49.545 [Test worker] INFO org.springframework.test.context.support.AnnotationConfigContextLoaderUtils - Could not detect default configuration classes for test class [com.bushelpowered.pokedex.PokemonServiceTests]: PokemonServiceTests does not declare any static, non-private, non-final, nested classes annotated with @Configuration.
15:23:49.591 [Test worker] DEBUG org.springframework.test.context.support.ActiveProfilesUtils - Could not find an 'annotation declaring class' for annotation type [org.springframework.test.context.ActiveProfiles] and class [com.bushelpowered.pokedex.PokemonServiceTests]
15:23:49.664 [Test worker] DEBUG org.springframework.context.annotation.ClassPathScanningCandidateComponentProvider - Identified candidate component class: file [/Users/kavinchaisawangwong/Documents/GitHub/pokedex_backend/build/classes/kotlin/main/com/bushelpowered/pokedex/PokedexApplication.class]
15:23:49.665 [Test worker] INFO org.springframework.boot.test.context.SpringBootTestContextBootstrapper - Found @SpringBootConfiguration com.bushelpowered.pokedex.PokedexApplication for test class com.bushelpowered.pokedex.PokemonServiceTests
15:23:49.753 [Test worker] DEBUG org.springframework.boot.test.context.SpringBootTestContextBootstrapper - @TestExecutionListeners is not present for class [com.bushelpowered.pokedex.PokemonServiceTests]: using defaults.
15:23:49.754 [Test worker] INFO org.springframework.boot.test.context.SpringBootTestContextBootstrapper - Loaded default TestExecutionListener class names from location [META-INF/spring.factories]: [org.springframework.security.test.context.support.WithSecurityContextTestExecutionListener, org.springframework.security.test.context.support.ReactorContextTestExecutionListener, org.springframework.test.context.web.ServletTestExecutionListener, org.springframework.test.context.support.DirtiesContextBeforeModesTestExecutionListener, org.springframework.test.context.event.ApplicationEventsTestExecutionListener, org.springframework.test.context.support.DependencyInjectionTestExecutionListener, org.springframework.test.context.support.DirtiesContextTestExecutionListener, org.springframework.test.context.transaction.TransactionalTestExecutionListener, org.springframework.test.context.jdbc.SqlScriptsTestExecutionListener, org.springframework.test.context.event.EventPublishingTestExecutionListener, org.springframework.boot.test.autoconfigure.restdocs.RestDocsTestExecutionListener, org.springframework.boot.test.autoconfigure.web.client.MockRestServiceServerResetTestExecutionListener, org.springframework.boot.test.autoconfigure.web.servlet.MockMvcPrintOnlyOnFailureTestExecutionListener, org.springframework.boot.test.autoconfigure.web.servlet.WebDriverTestExecutionListener, org.springframework.boot.test.autoconfigure.webservices.client.MockWebServiceServerTestExecutionListener, org.springframework.boot.test.mock.mockito.MockitoTestExecutionListener, org.springframework.boot.test.mock.mockito.ResetMocksTestExecutionListener]
15:23:49.776 [Test worker] INFO org.springframework.boot.test.context.SpringBootTestContextBootstrapper - Using TestExecutionListeners: [org.springframework.test.context.web.ServletTestExecutionListener@2756c0a7, org.springframework.test.context.support.DirtiesContextBeforeModesTestExecutionListener@350ec41e, org.springframework.test.context.event.ApplicationEventsTestExecutionListener@69637b10, org.springframework.boot.test.mock.mockito.MockitoTestExecutionListener@71984c3, org.springframework.boot.test.autoconfigure.SpringBootDependencyInjectionTestExecutionListener@165b2f7f, org.springframework.test.context.support.DirtiesContextTestExecutionListener@5536379e, org.springframework.test.context.transaction.TransactionalTestExecutionListener@277f7dd3, org.springframework.test.context.jdbc.SqlScriptsTestExecutionListener@6c8bca63, org.springframework.security.test.context.support.WithSecurityContextTestExecutionListener@2364305a, org.springframework.test.context.event.EventPublishingTestExecutionListener@470a696f, org.springframework.security.test.context.support.ReactorContextTestExecutionListener@1bc715b8, org.springframework.boot.test.autoconfigure.restdocs.RestDocsTestExecutionListener@292d1c71, org.springframework.boot.test.autoconfigure.web.client.MockRestServiceServerResetTestExecutionListener@2b491fee, org.springframework.boot.test.autoconfigure.web.servlet.MockMvcPrintOnlyOnFailureTestExecutionListener@3f1c5af9, org.springframework.boot.test.autoconfigure.web.servlet.WebDriverTestExecutionListener@1c55f277, org.springframework.boot.test.autoconfigure.webservices.client.MockWebServiceServerTestExecutionListener@5ddabb18, org.springframework.boot.test.mock.mockito.ResetMocksTestExecutionListener@3e8f7922]
15:23:49.780 [Test worker] DEBUG org.springframework.test.context.support.AbstractDirtiesContextTestExecutionListener - Before test class: context [DefaultTestContext@58bf8650 testClass = PokemonServiceTests, testInstance = [null], testMethod = [null], testException = [null], mergedContextConfiguration = [WebMergedContextConfiguration@73c60324 testClass = PokemonServiceTests, locations = '{}', classes = '{class com.bushelpowered.pokedex.PokedexApplication}', contextInitializerClasses = '[]', activeProfiles = '{}', propertySourceLocations = '{}', propertySourceProperties = '{org.springframework.boot.test.context.SpringBootTestContextBootstrapper=true}', contextCustomizers = set[org.springframework.boot.test.autoconfigure.actuate.metrics.MetricsExportContextCustomizerFactory$DisableMetricExportContextCustomizer@4ae9cfc1, org.springframework.boot.test.autoconfigure.properties.PropertyMappingContextCustomizer@0, org.springframework.boot.test.autoconfigure.web.servlet.WebDriverContextCustomizerFactory$Customizer@3899782c, org.springframework.boot.test.context.filter.ExcludeFilterContextCustomizer@30e868be, org.springframework.boot.test.json.DuplicateJsonObjectContextCustomizerFactory$DuplicateJsonObjectContextCustomizer@13ad5cd3, org.springframework.boot.test.mock.mockito.MockitoContextCustomizer@0, org.springframework.boot.test.web.client.TestRestTemplateContextCustomizer@76f4b65, org.springframework.boot.test.context.SpringBootTestArgs@1, org.springframework.boot.test.context.SpringBootTestWebEnvironment@740773a3], resourceBasePath = 'src/main/webapp', contextLoader = 'org.springframework.boot.test.context.SpringBootContextLoader', parent = [null]], attributes = map['org.springframework.test.context.web.ServletTestExecutionListener.activateListener' -> true]], class annotated with @DirtiesContext [false] with mode [null].

  .   ____          _            __ _ _
 /\\ / ___'_ __ _ _(_)_ __  __ _ \ \ \ \
( ( )\___ | '_ | '_| | '_ \/ _` | \ \ \ \
 \\/  ___)| |_)| | | | | || (_| |  ) ) ) )
  '  |____| .__|_| |_|_| |_\__, | / / / /
 =========|_|==============|___/=/_/_/_/
 :: Spring Boot ::                (v2.7.0)

2022-07-11 15:23:50.033  WARN 24373 --- [    Test worker] ory$DuplicateJsonObjectContextCustomizer : 

Found multiple occurrences of org.json.JSONObject on the class path:

	jar:file:/Users/kavinchaisawangwong/.gradle/caches/modules-2/files-2.1/org.json/json/20220320/6df2c050972619466f6dcef7654ef9bcc01dfd0/json-20220320.jar!/org/json/JSONObject.class
	jar:file:/Users/kavinchaisawangwong/.gradle/caches/modules-2/files-2.1/com.vaadin.external.google/android-json/0.0.20131108.vaadin1/fa26d351fe62a6a17f5cda1287c1c6110dec413f/android-json-0.0.20131108.vaadin1.jar!/org/json/JSONObject.class

You may wish to exclude one of them to ensure predictable runtime behavior

2022-07-11 15:23:50.049  INFO 24373 --- [    Test worker] c.b.pokedex.PokemonServiceTests          : Starting PokemonServiceTests using Java 17.0.3 on kchaisawangwong-MBP-15-2018 with PID 24373 (started by kavinchaisawangwong in /Users/kavinchaisawangwong/Documents/GitHub/pokedex_backend)
2022-07-11 15:23:50.049  INFO 24373 --- [    Test worker] c.b.pokedex.PokemonServiceTests          : No active profile set, falling back to 1 default profile: "default"
2022-07-11 15:23:50.686  INFO 24373 --- [    Test worker] .s.d.r.c.RepositoryConfigurationDelegate : Bootstrapping Spring Data JPA repositories in DEFAULT mode.
2022-07-11 15:23:50.747  INFO 24373 --- [    Test worker] .s.d.r.c.RepositoryConfigurationDelegate : Finished Spring Data repository scanning in 53 ms. Found 11 JPA repository interfaces.
2022-07-11 15:23:51.205  INFO 24373 --- [    Test worker] com.zaxxer.hikari.HikariDataSource       : HikariPool-1 - Starting...
2022-07-11 15:23:51.284  INFO 24373 --- [    Test worker] com.zaxxer.hikari.HikariDataSource       : HikariPool-1 - Start completed.
2022-07-11 15:23:51.436  WARN 24373 --- [    Test worker] o.m.jdbc.message.server.ErrorPacket      : Error: 1146-42S02: Table 'app_data.DATABASECHANGELOGLOCK' doesn't exist
2022-07-11 15:23:51.512  INFO 24373 --- [    Test worker] liquibase.lockservice                    : Successfully acquired change log lock
2022-07-11 15:23:51.884  INFO 24373 --- [    Test worker] liquibase.changelog                      : Creating database history table with name: app_data.DATABASECHANGELOG
2022-07-11 15:23:51.895  INFO 24373 --- [    Test worker] liquibase.changelog                      : Reading from app_data.DATABASECHANGELOG
Running Changeset: db/changelog/001createPokemonTable.xml::createPokemonTable::Kavin Chaisawangwong
2022-07-11 15:23:52.009  INFO 24373 --- [    Test worker] liquibase.changelog                      : Table pokemon_table created
2022-07-11 15:23:52.016  INFO 24373 --- [    Test worker] liquibase.changelog                      : Table pokemon_stats_table created
2022-07-11 15:23:52.017  INFO 24373 --- [    Test worker] liquibase.changelog                      : ChangeSet db/changelog/001createPokemonTable.xml::createPokemonTable::Kavin Chaisawangwong ran successfully in 16ms
Running Changeset: db/changelog/002createTrainerTable.xml::createTrainerTable::Kavin Chaisawangwong
2022-07-11 15:23:52.030  INFO 24373 --- [    Test worker] liquibase.changelog                      : Table trainer_table created
2022-07-11 15:23:52.030  INFO 24373 --- [    Test worker] liquibase.changelog                      : ChangeSet db/changelog/002createTrainerTable.xml::createTrainerTable::Kavin Chaisawangwong ran successfully in 7ms
Running Changeset: db/changelog/003createCapturedPokemonTable.xml::createTrainerPokemonTable::Kavin Chaisawangwong
2022-07-11 15:23:52.043  INFO 24373 --- [    Test worker] liquibase.changelog                      : Table captured_pokemon_table created
2022-07-11 15:23:52.043  INFO 24373 --- [    Test worker] liquibase.changelog                      : ChangeSet db/changelog/003createCapturedPokemonTable.xml::createTrainerPokemonTable::Kavin Chaisawangwong ran successfully in 8ms
Running Changeset: db/changelog/004createTypeTable.xml::createPokemonTable::Kavin Chaisawangwong
2022-07-11 15:23:52.054  INFO 24373 --- [    Test worker] liquibase.changelog                      : Table type_table created
2022-07-11 15:23:52.054  INFO 24373 --- [    Test worker] liquibase.changelog                      : ChangeSet db/changelog/004createTypeTable.xml::createPokemonTable::Kavin Chaisawangwong ran successfully in 7ms
Running Changeset: db/changelog/005createPokemonTypeTable.xml::createPokemonTypeTable::Kavin Chaisawangwong
2022-07-11 15:23:52.065  INFO 24373 --- [    Test worker] liquibase.changelog                      : Table pokemon_type_table created
2022-07-11 15:23:52.065  INFO 24373 --- [    Test worker] liquibase.changelog                      : ChangeSet db/changelog/005createPokemonTypeTable.xml::createPokemonTypeTable::Kavin Chaisawangwong ran successfully in 7ms
Running Changeset: db/changelog/006createAbilityTable.xml::createAbilityTable::Kavin Chaisawangwong
2022-07-11 15:23:52.078  INFO 24373 --- [    Test worker] liquibase.changelog                      : Table ability_table created
2022-07-11 15:23:52.079  INFO 24373 --- [    Test worker] liquibase.changelog                      : ChangeSet db/changelog/006createAbilityTable.xml::createAbilityTable::Kavin Chaisawangwong ran successfully in 8ms
Running Changeset: db/changelog/007createPokemonAbilityTable.xml::createPokemonAbilityTable::Kavin Chaisawangwong
2022-07-11 15:23:52.093  INFO 24373 --- [    Test worker] liquibase.changelog                      : Table pokemon_ability_table created
2022-07-11 15:23:52.094  INFO 24373 --- [    Test worker] liquibase.changelog                      : ChangeSet db/changelog/007createPokemonAbilityTable.xml::createPokemonAbilityTable::Kavin Chaisawangwong ran successfully in 8ms
Running Changeset: db/changelog/008createEggGroupTable.xml::createEggGroupTable::Kavin Chaisawangwong
2022-07-11 15:23:52.107  INFO 24373 --- [    Test worker] liquibase.changelog                      : Table egg_group_table created
2022-07-11 15:23:52.107  INFO 24373 --- [    Test worker] liquibase.changelog                      : ChangeSet db/changelog/008createEggGroupTable.xml::createEggGroupTable::Kavin Chaisawangwong ran successfully in 8ms
Running Changeset: db/changelog/009createPokemonEggGroupTable.xml::createPokemonEggGroupTable::Kavin Chaisawangwong
2022-07-11 15:23:52.120  INFO 24373 --- [    Test worker] liquibase.changelog                      : Table pokemon_egg_group_table created
2022-07-11 15:23:52.121  INFO 24373 --- [    Test worker] liquibase.changelog                      : ChangeSet db/changelog/009createPokemonEggGroupTable.xml::createPokemonEggGroupTable::Kavin Chaisawangwong ran successfully in 9ms
Running Changeset: db/changelog/010createGenusTable.xml::createGenusTable::Kavin Chaisawangwong
2022-07-11 15:23:52.134  INFO 24373 --- [    Test worker] liquibase.changelog                      : Table genus_table created
2022-07-11 15:23:52.135  INFO 24373 --- [    Test worker] liquibase.changelog                      : ChangeSet db/changelog/010createGenusTable.xml::createGenusTable::Kavin Chaisawangwong ran successfully in 9ms
Running Changeset: db/changelog/011createPokemonGenusTable.xml::createPokemonGenusTable::Kavin Chaisawangwong
2022-07-11 15:23:52.147  INFO 24373 --- [    Test worker] liquibase.changelog                      : Table pokemon_genus_table created
2022-07-11 15:23:52.147  INFO 24373 --- [    Test worker] liquibase.changelog                      : ChangeSet db/changelog/011createPokemonGenusTable.xml::createPokemonGenusTable::Kavin Chaisawangwong ran successfully in 7ms
2022-07-11 15:23:52.155  INFO 24373 --- [    Test worker] liquibase.lockservice                    : Successfully released change log lock
2022-07-11 15:23:52.293  INFO 24373 --- [    Test worker] o.hibernate.jpa.internal.util.LogHelper  : HHH000204: Processing PersistenceUnitInfo [name: default]
2022-07-11 15:23:52.361  INFO 24373 --- [    Test worker] org.hibernate.Version                    : HHH000412: Hibernate ORM core version 5.6.9.Final
2022-07-11 15:23:52.541  INFO 24373 --- [    Test worker] o.hibernate.annotations.common.Version   : HCANN000001: Hibernate Commons Annotations {5.1.2.Final}
2022-07-11 15:23:52.666  INFO 24373 --- [    Test worker] org.hibernate.dialect.Dialect            : HHH000400: Using dialect: org.hibernate.dialect.MariaDB106Dialect
2022-07-11 15:23:53.072  INFO 24373 --- [    Test worker] o.h.e.t.j.p.i.JtaPlatformInitiator       : HHH000490: Using JtaPlatform implementation: [org.hibernate.engine.transaction.jta.platform.internal.NoJtaPlatform]
2022-07-11 15:23:53.084  INFO 24373 --- [    Test worker] j.LocalContainerEntityManagerFactoryBean : Initialized JPA EntityManagerFactory for persistence unit 'default'
2022-07-11 15:23:53.856  WARN 24373 --- [    Test worker] JpaBaseConfiguration$JpaWebConfiguration : spring.jpa.open-in-view is enabled by default. Therefore, database queries may be performed during view rendering. Explicitly configure spring.jpa.open-in-view to disable this warning
2022-07-11 15:23:54.315  INFO 24373 --- [    Test worker] c.b.pokedex.PokemonServiceTests          : Started PokemonServiceTests in 4.492 seconds (JVM running for 5.53)
]]></system-out>
  <system-err><![CDATA[]]></system-err>
</testsuite>
