<?xml version="1.0" encoding="UTF-8"?>
<testsuite name="com.bushelpowered.pokedex.PokedexApplicationTests" tests="2" skipped="0" failures="0" errors="0" timestamp="2022-07-06T15:15:48" hostname="kchaisawangwong-MBP-15-2018" time="1.427">
  <properties/>
  <testcase name="testGetPokemonById()" classname="com.bushelpowered.pokedex.PokedexApplicationTests" time="1.378"/>
  <testcase name="testGetPokemonByName()" classname="com.bushelpowered.pokedex.PokedexApplicationTests" time="0.044"/>
  <system-out><![CDATA[10:15:20.932 [Test worker] DEBUG org.springframework.test.context.BootstrapUtils - Instantiating CacheAwareContextLoaderDelegate from class [org.springframework.test.context.cache.DefaultCacheAwareContextLoaderDelegate]
10:15:20.942 [Test worker] DEBUG org.springframework.test.context.BootstrapUtils - Instantiating BootstrapContext using constructor [public org.springframework.test.context.support.DefaultBootstrapContext(java.lang.Class,org.springframework.test.context.CacheAwareContextLoaderDelegate)]
10:15:20.975 [Test worker] DEBUG org.springframework.test.context.BootstrapUtils - Instantiating TestContextBootstrapper for test class [com.bushelpowered.pokedex.PokedexApplicationTests] from class [org.springframework.boot.test.context.SpringBootTestContextBootstrapper]
10:15:20.989 [Test worker] INFO org.springframework.boot.test.context.SpringBootTestContextBootstrapper - Neither @ContextConfiguration nor @ContextHierarchy found for test class [com.bushelpowered.pokedex.PokedexApplicationTests], using SpringBootContextLoader
10:15:20.993 [Test worker] DEBUG org.springframework.test.context.support.AbstractContextLoader - Did not detect default resource location for test class [com.bushelpowered.pokedex.PokedexApplicationTests]: class path resource [com/bushelpowered/pokedex/PokedexApplicationTests-context.xml] does not exist
10:15:20.993 [Test worker] DEBUG org.springframework.test.context.support.AbstractContextLoader - Did not detect default resource location for test class [com.bushelpowered.pokedex.PokedexApplicationTests]: class path resource [com/bushelpowered/pokedex/PokedexApplicationTestsContext.groovy] does not exist
10:15:20.994 [Test worker] INFO org.springframework.test.context.support.AbstractContextLoader - Could not detect default resource locations for test class [com.bushelpowered.pokedex.PokedexApplicationTests]: no resource found for suffixes {-context.xml, Context.groovy}.
10:15:20.994 [Test worker] INFO org.springframework.test.context.support.AnnotationConfigContextLoaderUtils - Could not detect default configuration classes for test class [com.bushelpowered.pokedex.PokedexApplicationTests]: PokedexApplicationTests does not declare any static, non-private, non-final, nested classes annotated with @Configuration.
10:15:21.040 [Test worker] DEBUG org.springframework.test.context.support.ActiveProfilesUtils - Could not find an 'annotation declaring class' for annotation type [org.springframework.test.context.ActiveProfiles] and class [com.bushelpowered.pokedex.PokedexApplicationTests]
10:15:21.096 [Test worker] DEBUG org.springframework.context.annotation.ClassPathScanningCandidateComponentProvider - Identified candidate component class: file [/Users/kavinchaisawangwong/Documents/GitHub/pokedex_backend/build/classes/kotlin/main/com/bushelpowered/pokedex/PokedexApplication.class]
10:15:21.097 [Test worker] INFO org.springframework.boot.test.context.SpringBootTestContextBootstrapper - Found @SpringBootConfiguration com.bushelpowered.pokedex.PokedexApplication for test class com.bushelpowered.pokedex.PokedexApplicationTests
10:15:21.176 [Test worker] DEBUG org.springframework.boot.test.context.SpringBootTestContextBootstrapper - @TestExecutionListeners is not present for class [com.bushelpowered.pokedex.PokedexApplicationTests]: using defaults.
10:15:21.176 [Test worker] INFO org.springframework.boot.test.context.SpringBootTestContextBootstrapper - Loaded default TestExecutionListener class names from location [META-INF/spring.factories]: [org.springframework.security.test.context.support.WithSecurityContextTestExecutionListener, org.springframework.security.test.context.support.ReactorContextTestExecutionListener, org.springframework.test.context.web.ServletTestExecutionListener, org.springframework.test.context.support.DirtiesContextBeforeModesTestExecutionListener, org.springframework.test.context.event.ApplicationEventsTestExecutionListener, org.springframework.test.context.support.DependencyInjectionTestExecutionListener, org.springframework.test.context.support.DirtiesContextTestExecutionListener, org.springframework.test.context.transaction.TransactionalTestExecutionListener, org.springframework.test.context.jdbc.SqlScriptsTestExecutionListener, org.springframework.test.context.event.EventPublishingTestExecutionListener, org.springframework.boot.test.autoconfigure.restdocs.RestDocsTestExecutionListener, org.springframework.boot.test.autoconfigure.web.client.MockRestServiceServerResetTestExecutionListener, org.springframework.boot.test.autoconfigure.web.servlet.MockMvcPrintOnlyOnFailureTestExecutionListener, org.springframework.boot.test.autoconfigure.web.servlet.WebDriverTestExecutionListener, org.springframework.boot.test.autoconfigure.webservices.client.MockWebServiceServerTestExecutionListener, org.springframework.boot.test.mock.mockito.MockitoTestExecutionListener, org.springframework.boot.test.mock.mockito.ResetMocksTestExecutionListener]
10:15:21.195 [Test worker] INFO org.springframework.boot.test.context.SpringBootTestContextBootstrapper - Using TestExecutionListeners: [org.springframework.test.context.web.ServletTestExecutionListener@38be305c, org.springframework.test.context.support.DirtiesContextBeforeModesTestExecutionListener@269f4bad, org.springframework.test.context.event.ApplicationEventsTestExecutionListener@5ed731d0, org.springframework.boot.test.mock.mockito.MockitoTestExecutionListener@3234f74e, org.springframework.boot.test.autoconfigure.SpringBootDependencyInjectionTestExecutionListener@7bc10d84, org.springframework.test.context.support.DirtiesContextTestExecutionListener@275fe372, org.springframework.test.context.transaction.TransactionalTestExecutionListener@40e10ff8, org.springframework.test.context.jdbc.SqlScriptsTestExecutionListener@557a1e2d, org.springframework.security.test.context.support.WithSecurityContextTestExecutionListener@26a4842b, org.springframework.test.context.event.EventPublishingTestExecutionListener@7e38a7fe, org.springframework.security.test.context.support.ReactorContextTestExecutionListener@366ef90e, org.springframework.boot.test.autoconfigure.restdocs.RestDocsTestExecutionListener@33e01298, org.springframework.boot.test.autoconfigure.web.client.MockRestServiceServerResetTestExecutionListener@31e75d13, org.springframework.boot.test.autoconfigure.web.servlet.MockMvcPrintOnlyOnFailureTestExecutionListener@a5b0b86, org.springframework.boot.test.autoconfigure.web.servlet.WebDriverTestExecutionListener@4b3c354a, org.springframework.boot.test.autoconfigure.webservices.client.MockWebServiceServerTestExecutionListener@78fb9a67, org.springframework.boot.test.mock.mockito.ResetMocksTestExecutionListener@73ff4fae]
10:15:21.199 [Test worker] DEBUG org.springframework.test.context.support.AbstractDirtiesContextTestExecutionListener - Before test class: context [DefaultTestContext@2dbf4cbd testClass = PokedexApplicationTests, testInstance = [null], testMethod = [null], testException = [null], mergedContextConfiguration = [WebMergedContextConfiguration@20b5f2ac testClass = PokedexApplicationTests, locations = '{}', classes = '{class com.bushelpowered.pokedex.PokedexApplication}', contextInitializerClasses = '[]', activeProfiles = '{}', propertySourceLocations = '{}', propertySourceProperties = '{org.springframework.boot.test.context.SpringBootTestContextBootstrapper=true}', contextCustomizers = set[org.springframework.boot.test.autoconfigure.actuate.metrics.MetricsExportContextCustomizerFactory$DisableMetricExportContextCustomizer@5a2d131d, org.springframework.boot.test.autoconfigure.properties.PropertyMappingContextCustomizer@0, org.springframework.boot.test.autoconfigure.web.servlet.WebDriverContextCustomizerFactory$Customizer@5ba88be8, org.springframework.boot.test.context.filter.ExcludeFilterContextCustomizer@4b23c30a, org.springframework.boot.test.json.DuplicateJsonObjectContextCustomizerFactory$DuplicateJsonObjectContextCustomizer@4f0100a7, org.springframework.boot.test.mock.mockito.MockitoContextCustomizer@0, org.springframework.boot.test.web.client.TestRestTemplateContextCustomizer@22f31dec, org.springframework.boot.test.context.SpringBootTestArgs@1, org.springframework.boot.test.context.SpringBootTestWebEnvironment@7c83dc97], resourceBasePath = 'src/main/webapp', contextLoader = 'org.springframework.boot.test.context.SpringBootContextLoader', parent = [null]], attributes = map['org.springframework.test.context.web.ServletTestExecutionListener.activateListener' -> true]], class annotated with @DirtiesContext [false] with mode [null].

  .   ____          _            __ _ _
 /\\ / ___'_ __ _ _(_)_ __  __ _ \ \ \ \
( ( )\___ | '_ | '_| | '_ \/ _` | \ \ \ \
 \\/  ___)| |_)| | | | | || (_| |  ) ) ) )
  '  |____| .__|_| |_|_| |_\__, | / / / /
 =========|_|==============|___/=/_/_/_/
 :: Spring Boot ::                (v2.7.0)

2022-07-06 10:15:21.445  WARN 10091 --- [    Test worker] ory$DuplicateJsonObjectContextCustomizer : 

Found multiple occurrences of org.json.JSONObject on the class path:

	jar:file:/Users/kavinchaisawangwong/.gradle/caches/modules-2/files-2.1/org.json/json/20220320/6df2c050972619466f6dcef7654ef9bcc01dfd0/json-20220320.jar!/org/json/JSONObject.class
	jar:file:/Users/kavinchaisawangwong/.gradle/caches/modules-2/files-2.1/com.vaadin.external.google/android-json/0.0.20131108.vaadin1/fa26d351fe62a6a17f5cda1287c1c6110dec413f/android-json-0.0.20131108.vaadin1.jar!/org/json/JSONObject.class

You may wish to exclude one of them to ensure predictable runtime behavior

2022-07-06 10:15:21.460  INFO 10091 --- [    Test worker] c.b.pokedex.PokedexApplicationTests      : Starting PokedexApplicationTests using Java 17.0.3 on kchaisawangwong-MBP-15-2018 with PID 10091 (started by kavinchaisawangwong in /Users/kavinchaisawangwong/Documents/GitHub/pokedex_backend)
2022-07-06 10:15:21.461  INFO 10091 --- [    Test worker] c.b.pokedex.PokedexApplicationTests      : No active profile set, falling back to 1 default profile: "default"
2022-07-06 10:15:22.085  INFO 10091 --- [    Test worker] .s.d.r.c.RepositoryConfigurationDelegate : Bootstrapping Spring Data JPA repositories in DEFAULT mode.
2022-07-06 10:15:22.148  INFO 10091 --- [    Test worker] .s.d.r.c.RepositoryConfigurationDelegate : Finished Spring Data repository scanning in 55 ms. Found 11 JPA repository interfaces.
2022-07-06 10:15:22.657  INFO 10091 --- [    Test worker] com.zaxxer.hikari.HikariDataSource       : HikariPool-1 - Starting...
2022-07-06 10:15:22.722  INFO 10091 --- [    Test worker] com.zaxxer.hikari.HikariDataSource       : HikariPool-1 - Start completed.
2022-07-06 10:15:22.926  INFO 10091 --- [    Test worker] liquibase.lockservice                    : Successfully acquired change log lock
2022-07-06 10:15:23.378  INFO 10091 --- [    Test worker] liquibase.changelog                      : Reading from app_data.DATABASECHANGELOG
2022-07-06 10:15:23.469  INFO 10091 --- [    Test worker] liquibase.lockservice                    : Successfully released change log lock
2022-07-06 10:15:23.585  INFO 10091 --- [    Test worker] o.hibernate.jpa.internal.util.LogHelper  : HHH000204: Processing PersistenceUnitInfo [name: default]
2022-07-06 10:15:23.628  INFO 10091 --- [    Test worker] org.hibernate.Version                    : HHH000412: Hibernate ORM core version 5.6.9.Final
2022-07-06 10:15:23.792  INFO 10091 --- [    Test worker] o.hibernate.annotations.common.Version   : HCANN000001: Hibernate Commons Annotations {5.1.2.Final}
2022-07-06 10:15:23.902  INFO 10091 --- [    Test worker] org.hibernate.dialect.Dialect            : HHH000400: Using dialect: org.hibernate.dialect.MariaDB106Dialect
2022-07-06 10:15:24.272  INFO 10091 --- [    Test worker] o.h.e.t.j.p.i.JtaPlatformInitiator       : HHH000490: Using JtaPlatform implementation: [org.hibernate.engine.transaction.jta.platform.internal.NoJtaPlatform]
2022-07-06 10:15:24.280  INFO 10091 --- [    Test worker] j.LocalContainerEntityManagerFactoryBean : Initialized JPA EntityManagerFactory for persistence unit 'default'
2022-07-06 10:15:25.042  WARN 10091 --- [    Test worker] JpaBaseConfiguration$JpaWebConfiguration : spring.jpa.open-in-view is enabled by default. Therefore, database queries may be performed during view rendering. Explicitly configure spring.jpa.open-in-view to disable this warning
2022-07-06 10:15:25.496  INFO 10091 --- [    Test worker] c.b.pokedex.PokedexApplicationTests      : Started PokedexApplicationTests in 4.262 seconds (JVM running for 5.298)
]]></system-out>
  <system-err><![CDATA[]]></system-err>
</testsuite>
